<?xml version="1.0" encoding="UTF-8"?>
<!-- Generated by org.testng.reporters.JUnitXMLReporter -->
<testsuite ignored="4" hostname="Jans-MacBook-Air.local" failures="0" tests="0" time="0.0" errors="0" timestamp="2026-03-15T17:52:04 IST">
  <testcase classname="rahulshetty.tests.TestSeleniumcopy" name="NegativeValidation" time="0.0">
    <ignored/>
  </testcase> <!-- NegativeValidation -->
  <testcase classname="rahulshetty.tests.TestSeleniumcopy" name="PositiveValidation" time="0.0">
    <ignored/>
  </testcase> <!-- PositiveValidation -->
  <testcase classname="rahulshetty.tests.TestSeleniumcopy" name="FillForm1" time="0.0">
    <ignored/>
  </testcase> <!-- FillForm1 -->
  <testcase classname="rahulshetty.tests.TestSeleniumcopy" name="ErrorRetryForm" time="0.0">
    <ignored/>
  </testcase> <!-- ErrorRetryForm -->
</testsuite>
