<?xml version="1.0" encoding="UTF-8"?>
<testsuite xmlns:xsi="http://www.w3.org/2001/XMLSchema-instance" xsi:noNamespaceSchemaLocation="https://maven.apache.org/surefire/maven-surefire-plugin/xsd/surefire-test-report-3.0.xsd" version="3.0" name="TestSuite" time="2.516" tests="1" errors="0" skipped="0" failures="0">
  <properties>
[...]
</properties>
  <testcase name="NegativeValidationTest" classname="rahulshetty.tests.Singlejson" time="0.008">
    <system-out><![CDATA[Running tests on Environment: qa | URL: https://rahulshettyacademy.com/angularpractice/
]]></system-out>
    <system-err><![CDATA[[main] WARN org.testng.TestNG - Ignoring duplicate listener : rahulshetty.TestComponents.Listeners
[TestNG-tests-5] INFO io.github.bonigarcia.wdm.WebDriverManager - Using chromedriver 146.0.7680.80 (resolved driver for Chrome 146)
[TestNG-tests-5] INFO io.github.bonigarcia.wdm.WebDriverManager - Exporting webdriver.chrome.driver as /Users/jan/.cache/selenium/chromedriver/mac-arm64/146.0.7680.80/chromedriver
Mar 15, 2026 5:52:04 PM org.openqa.selenium.devtools.CdpVersionFinder findNearestMatch
WARNING: Unable to find an exact match for CDP version 146, returning the closest version; found: 145; Please update to a Selenium version that supports CDP version 146
]]></system-err>
  </testcase>
</testsuite>